     1                                  extern print_array
     2                                  section .data
     3 00000000 0A000000000000000F-         array dq 10, 15, 22, 22, 36, 23, 1, -9, 67
     3 00000009 000000000000001600-
     3 00000012 000000000000160000-
     3 0000001B 000000000024000000-
     3 00000024 000000001700000000-
     3 0000002D 000000010000000000-
     3 00000036 0000F7FFFFFFFFFFFF-
     3 0000003F FF4300000000000000 
     4 00000048 0900000000000000            count_array dq 9
     5                                  section .bss
     6                                  section .text
     7                                      global main
     8                                  main:
     9 00000000 55                      push rbp
    10 00000001 4889E5                  mov rbp, rsp
    11 00000004 4831FF                      xor rdi, rdi
    12 00000007 488B3C25[48000000]          mov rdi, [count_array]
    13 0000000F 48BE-                       mov rsi, array
    13 00000011 [0000000000000000] 
    14 00000019 E8(00000000)                call print_array
    15 0000001E C9                      leave
    16 0000001F C3                      ret
    17                                  
    18                                  
